Created by PLY version 3.11 (http://www.dabeaz.com/ply)

Grammar

Rule 0     S' -> respuesta
Rule 1     respuesta -> s
Rule 2     s -> CODE KW
Rule 3     s -> EXIT

Terminals, with rules where they appear

CODE                 : 2
EXIT                 : 3
KW                   : 2
error                : 

Nonterminals, with rules where they appear

respuesta            : 0
s                    : 1

Parsing method: LALR

state 0

    (0) S' -> . respuesta
    (1) respuesta -> . s
    (2) s -> . CODE KW
    (3) s -> . EXIT

    CODE            shift and go to state 3
    EXIT            shift and go to state 4

    respuesta                      shift and go to state 1
    s                              shift and go to state 2

state 1

    (0) S' -> respuesta .



state 2

    (1) respuesta -> s .

    $end            reduce using rule 1 (respuesta -> s .)


state 3

    (2) s -> CODE . KW

    KW              shift and go to state 5


state 4

    (3) s -> EXIT .

    $end            reduce using rule 3 (s -> EXIT .)


state 5

    (2) s -> CODE KW .

    $end            reduce using rule 2 (s -> CODE KW .)

